mode: set
github.com/getarcaneapp/arcane/backend/internal/utils/edge/client.go:56.78,58.37 2 1
github.com/getarcaneapp/arcane/backend/internal/utils/edge/client.go:58.37,60.3 1 1
github.com/getarcaneapp/arcane/backend/internal/utils/edge/client.go:62.2,68.21 4 1
github.com/getarcaneapp/arcane/backend/internal/utils/edge/client.go:68.21,70.3 1 1
github.com/getarcaneapp/arcane/backend/internal/utils/edge/client.go:72.2,81.3 1 1
github.com/getarcaneapp/arcane/backend/internal/utils/edge/client.go:85.51,88.6 2 1
github.com/getarcaneapp/arcane/backend/internal/utils/edge/client.go:88.6,89.10 1 1
github.com/getarcaneapp/arcane/backend/internal/utils/edge/client.go:90.21,92.10 2 0
github.com/getarcaneapp/arcane/backend/internal/utils/edge/client.go:93.19,95.10 2 0
github.com/getarcaneapp/arcane/backend/internal/utils/edge/client.go:96.11,97.49 1 1
github.com/getarcaneapp/arcane/backend/internal/utils/edge/client.go:97.49,99.5 1 1
github.com/getarcaneapp/arcane/backend/internal/utils/edge/client.go:102.4,102.11 1 1
github.com/getarcaneapp/arcane/backend/internal/utils/edge/client.go:103.22,104.11 1 1
github.com/getarcaneapp/arcane/backend/internal/utils/edge/client.go:105.20,106.11 1 0
github.com/getarcaneapp/arcane/backend/internal/utils/edge/client.go:107.43,108.65 1 0
github.com/getarcaneapp/arcane/backend/internal/utils/edge/client.go:115.67,129.16 7 1
github.com/getarcaneapp/arcane/backend/internal/utils/edge/client.go:129.16,130.18 1 0
github.com/getarcaneapp/arcane/backend/internal/utils/edge/client.go:130.18,134.4 3 0
github.com/getarcaneapp/arcane/backend/internal/utils/edge/client.go:135.3,135.61 1 0
github.com/getarcaneapp/arcane/backend/internal/utils/edge/client.go:137.2,148.27 7 1
github.com/getarcaneapp/arcane/backend/internal/utils/edge/client.go:152.59,156.6 3 1
github.com/getarcaneapp/arcane/backend/internal/utils/edge/client.go:156.6,157.10 1 1
github.com/getarcaneapp/arcane/backend/internal/utils/edge/client.go:158.21,159.10 1 1
github.com/getarcaneapp/arcane/backend/internal/utils/edge/client.go:160.19,161.42 1 0
github.com/getarcaneapp/arcane/backend/internal/utils/edge/client.go:161.42,163.5 1 0
github.com/getarcaneapp/arcane/backend/internal/utils/edge/client.go:165.4,170.43 2 0
github.com/getarcaneapp/arcane/backend/internal/utils/edge/client.go:170.43,173.5 2 0
github.com/getarcaneapp/arcane/backend/internal/utils/edge/client.go:174.4,174.55 1 0
github.com/getarcaneapp/arcane/backend/internal/utils/edge/client.go:180.63,181.6 1 1
github.com/getarcaneapp/arcane/backend/internal/utils/edge/client.go:181.6,182.10 1 1
github.com/getarcaneapp/arcane/backend/internal/utils/edge/client.go:183.21,184.20 1 0
github.com/getarcaneapp/arcane/backend/internal/utils/edge/client.go:185.11,187.18 2 1
github.com/getarcaneapp/arcane/backend/internal/utils/edge/client.go:187.18,189.5 1 1
github.com/getarcaneapp/arcane/backend/internal/utils/edge/client.go:191.4,191.20 1 1
github.com/getarcaneapp/arcane/backend/internal/utils/edge/client.go:192.28,193.33 1 1
github.com/getarcaneapp/arcane/backend/internal/utils/edge/client.go:194.35,195.40 1 1
github.com/getarcaneapp/arcane/backend/internal/utils/edge/client.go:196.34,197.36 1 1
github.com/getarcaneapp/arcane/backend/internal/utils/edge/client.go:198.35,199.37 1 0
github.com/getarcaneapp/arcane/backend/internal/utils/edge/client.go:200.96,201.79 1 0
github.com/getarcaneapp/arcane/backend/internal/utils/edge/client.go:202.33,203.53 1 0
github.com/getarcaneapp/arcane/backend/internal/utils/edge/client.go:204.12,205.68 1 1
github.com/getarcaneapp/arcane/backend/internal/utils/edge/client.go:212.79,221.23 6 1
github.com/getarcaneapp/arcane/backend/internal/utils/edge/client.go:221.23,224.3 2 0
github.com/getarcaneapp/arcane/backend/internal/utils/edge/client.go:226.2,227.21 2 1
github.com/getarcaneapp/arcane/backend/internal/utils/edge/client.go:227.21,229.3 1 0
github.com/getarcaneapp/arcane/backend/internal/utils/edge/client.go:231.2,232.16 2 1
github.com/getarcaneapp/arcane/backend/internal/utils/edge/client.go:232.16,235.3 2 1
github.com/getarcaneapp/arcane/backend/internal/utils/edge/client.go:237.2,237.22 1 1
github.com/getarcaneapp/arcane/backend/internal/utils/edge/client.go:237.22,238.47 1 0
github.com/getarcaneapp/arcane/backend/internal/utils/edge/client.go:238.47,240.4 1 0
github.com/getarcaneapp/arcane/backend/internal/utils/edge/client.go:244.2,244.32 1 1
github.com/getarcaneapp/arcane/backend/internal/utils/edge/client.go:244.32,246.3 1 0
github.com/getarcaneapp/arcane/backend/internal/utils/edge/client.go:249.2,259.31 4 1
github.com/getarcaneapp/arcane/backend/internal/utils/edge/client.go:259.31,260.17 1 1
github.com/getarcaneapp/arcane/backend/internal/utils/edge/client.go:260.17,262.4 1 1
github.com/getarcaneapp/arcane/backend/internal/utils/edge/client.go:265.2,273.42 2 1
github.com/getarcaneapp/arcane/backend/internal/utils/edge/client.go:273.42,275.3 1 0
github.com/getarcaneapp/arcane/backend/internal/utils/edge/client.go:275.8,277.3 1 1
github.com/getarcaneapp/arcane/backend/internal/utils/edge/client.go:281.86,289.17 6 1
github.com/getarcaneapp/arcane/backend/internal/utils/edge/client.go:289.17,291.3 1 1
github.com/getarcaneapp/arcane/backend/internal/utils/edge/client.go:292.2,292.16 1 1
github.com/getarcaneapp/arcane/backend/internal/utils/edge/client.go:292.16,296.3 3 0
github.com/getarcaneapp/arcane/backend/internal/utils/edge/client.go:298.2,302.71 4 1
github.com/getarcaneapp/arcane/backend/internal/utils/edge/client.go:305.74,307.21 2 1
github.com/getarcaneapp/arcane/backend/internal/utils/edge/client.go:307.21,309.3 1 0
github.com/getarcaneapp/arcane/backend/internal/utils/edge/client.go:310.2,310.47 1 1
github.com/getarcaneapp/arcane/backend/internal/utils/edge/client.go:313.83,323.32 3 1
github.com/getarcaneapp/arcane/backend/internal/utils/edge/client.go:323.32,324.29 1 0
github.com/getarcaneapp/arcane/backend/internal/utils/edge/client.go:324.29,326.4 1 0
github.com/getarcaneapp/arcane/backend/internal/utils/edge/client.go:329.2,329.28 1 1
github.com/getarcaneapp/arcane/backend/internal/utils/edge/client.go:329.28,331.3 1 1
github.com/getarcaneapp/arcane/backend/internal/utils/edge/client.go:333.2,333.16 1 1
github.com/getarcaneapp/arcane/backend/internal/utils/edge/client.go:336.143,342.2 2 1
github.com/getarcaneapp/arcane/backend/internal/utils/edge/client.go:344.119,352.2 3 1
github.com/getarcaneapp/arcane/backend/internal/utils/edge/client.go:354.164,355.15 1 1
github.com/getarcaneapp/arcane/backend/internal/utils/edge/client.go:355.15,359.3 3 0
github.com/getarcaneapp/arcane/backend/internal/utils/edge/client.go:361.2,361.6 1 1
github.com/getarcaneapp/arcane/backend/internal/utils/edge/client.go:361.6,362.29 1 1
github.com/getarcaneapp/arcane/backend/internal/utils/edge/client.go:362.29,364.4 1 0
github.com/getarcaneapp/arcane/backend/internal/utils/edge/client.go:366.3,367.17 2 1
github.com/getarcaneapp/arcane/backend/internal/utils/edge/client.go:367.17,371.38 1 0
github.com/getarcaneapp/arcane/backend/internal/utils/edge/client.go:371.38,373.5 1 0
github.com/getarcaneapp/arcane/backend/internal/utils/edge/client.go:374.4,375.10 2 0
github.com/getarcaneapp/arcane/backend/internal/utils/edge/client.go:378.3,378.70 1 0
github.com/getarcaneapp/arcane/backend/internal/utils/edge/client.go:378.70,381.4 2 0
github.com/getarcaneapp/arcane/backend/internal/utils/edge/client.go:385.172,386.6 1 1
github.com/getarcaneapp/arcane/backend/internal/utils/edge/client.go:386.6,387.10 1 1
github.com/getarcaneapp/arcane/backend/internal/utils/edge/client.go:388.27,389.10 1 1
github.com/getarcaneapp/arcane/backend/internal/utils/edge/client.go:390.39,391.11 1 0
github.com/getarcaneapp/arcane/backend/internal/utils/edge/client.go:391.11,393.5 1 0
github.com/getarcaneapp/arcane/backend/internal/utils/edge/client.go:394.4,395.78 2 0
github.com/getarcaneapp/arcane/backend/internal/utils/edge/client.go:395.78,397.5 1 0
github.com/getarcaneapp/arcane/backend/internal/utils/edge/client.go:398.4,398.65 1 0
github.com/getarcaneapp/arcane/backend/internal/utils/edge/client.go:398.65,402.5 3 0
github.com/getarcaneapp/arcane/backend/internal/utils/edge/client.go:407.91,415.2 2 1
github.com/getarcaneapp/arcane/backend/internal/utils/edge/client.go:417.60,423.2 2 1
github.com/getarcaneapp/arcane/backend/internal/utils/edge/client.go:426.85,428.9 2 1
github.com/getarcaneapp/arcane/backend/internal/utils/edge/client.go:428.9,431.3 2 1
github.com/getarcaneapp/arcane/backend/internal/utils/edge/client.go:432.2,433.9 2 0
github.com/getarcaneapp/arcane/backend/internal/utils/edge/client.go:434.82,434.82 0 0
github.com/getarcaneapp/arcane/backend/internal/utils/edge/client.go:435.10,437.93 1 0
github.com/getarcaneapp/arcane/backend/internal/utils/edge/client.go:442.86,444.9 2 0
github.com/getarcaneapp/arcane/backend/internal/utils/edge/client.go:444.9,446.3 1 0
github.com/getarcaneapp/arcane/backend/internal/utils/edge/client.go:447.2,450.72 4 0
github.com/getarcaneapp/arcane/backend/internal/utils/edge/client.go:454.88,462.2 2 1
github.com/getarcaneapp/arcane/backend/internal/utils/edge/client.go:471.49,473.2 1 1
github.com/getarcaneapp/arcane/backend/internal/utils/edge/client.go:475.57,477.2 1 1
github.com/getarcaneapp/arcane/backend/internal/utils/edge/client.go:479.56,481.2 1 1
github.com/getarcaneapp/arcane/backend/internal/utils/edge/client.go:485.87,486.20 1 1
github.com/getarcaneapp/arcane/backend/internal/utils/edge/client.go:486.20,489.3 2 1
github.com/getarcaneapp/arcane/backend/internal/utils/edge/client.go:491.2,491.29 1 1
github.com/getarcaneapp/arcane/backend/internal/utils/edge/client.go:491.29,494.3 2 1
github.com/getarcaneapp/arcane/backend/internal/utils/edge/client.go:496.2,496.26 1 1
github.com/getarcaneapp/arcane/backend/internal/utils/edge/client.go:496.26,499.3 2 1
github.com/getarcaneapp/arcane/backend/internal/utils/edge/client.go:501.2,503.22 2 0
github.com/getarcaneapp/arcane/backend/internal/utils/edge/http_client.go:19.65,23.2 1 1
github.com/getarcaneapp/arcane/backend/internal/utils/edge/http_client.go:54.26,56.38 1 1
github.com/getarcaneapp/arcane/backend/internal/utils/edge/http_client.go:56.38,58.3 1 1
github.com/getarcaneapp/arcane/backend/internal/utils/edge/http_client.go:61.2,61.12 1 1
github.com/getarcaneapp/arcane/backend/internal/utils/edge/http_client.go:61.12,63.3 1 1
github.com/getarcaneapp/arcane/backend/internal/utils/edge/http_client.go:66.2,66.56 1 1
github.com/getarcaneapp/arcane/backend/internal/utils/edge/http_client.go:77.26,79.9 2 1
github.com/getarcaneapp/arcane/backend/internal/utils/edge/http_client.go:79.9,81.3 1 0
github.com/getarcaneapp/arcane/backend/internal/utils/edge/http_client.go:82.2,82.28 1 1
github.com/getarcaneapp/arcane/backend/internal/utils/edge/http_client.go:82.28,84.3 1 0
github.com/getarcaneapp/arcane/backend/internal/utils/edge/http_client.go:87.2,88.16 2 1
github.com/getarcaneapp/arcane/backend/internal/utils/edge/http_client.go:88.16,90.3 1 0
github.com/getarcaneapp/arcane/backend/internal/utils/edge/http_client.go:92.2,96.8 1 1
github.com/getarcaneapp/arcane/backend/internal/utils/edge/http_client.go:106.26,108.17 2 1
github.com/getarcaneapp/arcane/backend/internal/utils/edge/http_client.go:108.17,110.3 1 0
github.com/getarcaneapp/arcane/backend/internal/utils/edge/http_client.go:112.2,113.16 2 1
github.com/getarcaneapp/arcane/backend/internal/utils/edge/http_client.go:113.16,115.3 1 0
github.com/getarcaneapp/arcane/backend/internal/utils/edge/http_client.go:118.2,118.28 1 1
github.com/getarcaneapp/arcane/backend/internal/utils/edge/http_client.go:118.28,120.3 1 1
github.com/getarcaneapp/arcane/backend/internal/utils/edge/http_client.go:122.2,123.16 2 1
github.com/getarcaneapp/arcane/backend/internal/utils/edge/http_client.go:123.16,125.3 1 0
github.com/getarcaneapp/arcane/backend/internal/utils/edge/http_client.go:126.2,129.16 3 1
github.com/getarcaneapp/arcane/backend/internal/utils/edge/http_client.go:129.16,131.3 1 0
github.com/getarcaneapp/arcane/backend/internal/utils/edge/http_client.go:134.2,135.32 2 1
github.com/getarcaneapp/arcane/backend/internal/utils/edge/http_client.go:135.32,136.17 1 1
github.com/getarcaneapp/arcane/backend/internal/utils/edge/http_client.go:136.17,138.4 1 1
github.com/getarcaneapp/arcane/backend/internal/utils/edge/http_client.go:141.2,145.8 1 1
github.com/getarcaneapp/arcane/backend/internal/utils/edge/http_client.go:162.26,164.2 1 1
github.com/getarcaneapp/arcane/backend/internal/utils/edge/proxy.go:23.169,38.16 4 1
github.com/getarcaneapp/arcane/backend/internal/utils/edge/proxy.go:38.16,40.3 1 0
github.com/getarcaneapp/arcane/backend/internal/utils/edge/proxy.go:42.2,42.50 1 1
github.com/getarcaneapp/arcane/backend/internal/utils/edge/proxy.go:46.79,55.27 5 1
github.com/getarcaneapp/arcane/backend/internal/utils/edge/proxy.go:55.27,58.17 3 1
github.com/getarcaneapp/arcane/backend/internal/utils/edge/proxy.go:58.17,62.4 3 0
github.com/getarcaneapp/arcane/backend/internal/utils/edge/proxy.go:64.3,64.55 1 1
github.com/getarcaneapp/arcane/backend/internal/utils/edge/proxy.go:68.2,69.37 2 1
github.com/getarcaneapp/arcane/backend/internal/utils/edge/proxy.go:69.37,70.17 1 1
github.com/getarcaneapp/arcane/backend/internal/utils/edge/proxy.go:70.17,72.27 1 1
github.com/getarcaneapp/arcane/backend/internal/utils/edge/proxy.go:72.27,73.13 1 0
github.com/getarcaneapp/arcane/backend/internal/utils/edge/proxy.go:75.4,75.21 1 1
github.com/getarcaneapp/arcane/backend/internal/utils/edge/proxy.go:79.2,86.16 3 1
github.com/getarcaneapp/arcane/backend/internal/utils/edge/proxy.go:86.16,93.28 2 0
github.com/getarcaneapp/arcane/backend/internal/utils/edge/proxy.go:93.28,96.4 2 0
github.com/getarcaneapp/arcane/backend/internal/utils/edge/proxy.go:98.3,99.9 2 0
github.com/getarcaneapp/arcane/backend/internal/utils/edge/proxy.go:103.2,103.32 1 1
github.com/getarcaneapp/arcane/backend/internal/utils/edge/proxy.go:103.32,104.27 1 1
github.com/getarcaneapp/arcane/backend/internal/utils/edge/proxy.go:104.27,106.4 1 1
github.com/getarcaneapp/arcane/backend/internal/utils/edge/proxy.go:110.2,110.55 1 1
github.com/getarcaneapp/arcane/backend/internal/utils/edge/proxy.go:114.43,126.2 2 1
github.com/getarcaneapp/arcane/backend/internal/utils/edge/proxy.go:129.41,131.9 2 1
github.com/getarcaneapp/arcane/backend/internal/utils/edge/proxy.go:131.9,133.3 1 1
github.com/getarcaneapp/arcane/backend/internal/utils/edge/proxy.go:134.2,134.32 1 1
github.com/getarcaneapp/arcane/backend/internal/utils/edge/proxy.go:140.99,142.9 2 1
github.com/getarcaneapp/arcane/backend/internal/utils/edge/proxy.go:142.9,144.3 1 1
github.com/getarcaneapp/arcane/backend/internal/utils/edge/proxy.go:145.2,145.28 1 1
github.com/getarcaneapp/arcane/backend/internal/utils/edge/proxy.go:145.28,147.3 1 0
github.com/getarcaneapp/arcane/backend/internal/utils/edge/proxy.go:149.2,150.47 2 1
github.com/getarcaneapp/arcane/backend/internal/utils/edge/proxy.go:150.47,152.3 1 0
github.com/getarcaneapp/arcane/backend/internal/utils/edge/proxy.go:154.2,155.16 2 1
github.com/getarcaneapp/arcane/backend/internal/utils/edge/proxy.go:155.16,157.3 1 0
github.com/getarcaneapp/arcane/backend/internal/utils/edge/proxy.go:159.2,159.30 1 1
github.com/getarcaneapp/arcane/backend/internal/utils/edge/registry.go:22.70,30.2 2 1
github.com/getarcaneapp/arcane/backend/internal/utils/edge/registry.go:33.41,37.2 3 1
github.com/getarcaneapp/arcane/backend/internal/utils/edge/registry.go:40.52,44.2 3 1
github.com/getarcaneapp/arcane/backend/internal/utils/edge/registry.go:47.37,49.2 1 1
github.com/getarcaneapp/arcane/backend/internal/utils/edge/registry.go:58.42,62.2 1 1
github.com/getarcaneapp/arcane/backend/internal/utils/edge/registry.go:65.65,70.2 4 1
github.com/getarcaneapp/arcane/backend/internal/utils/edge/registry.go:73.70,78.42 3 1
github.com/getarcaneapp/arcane/backend/internal/utils/edge/registry.go:78.42,81.3 2 1
github.com/getarcaneapp/arcane/backend/internal/utils/edge/registry.go:83.2,84.68 2 1
github.com/getarcaneapp/arcane/backend/internal/utils/edge/registry.go:88.51,92.40 3 1
github.com/getarcaneapp/arcane/backend/internal/utils/edge/registry.go:92.40,96.3 3 1
github.com/getarcaneapp/arcane/backend/internal/utils/edge/registry.go:100.65,107.39 5 1
github.com/getarcaneapp/arcane/backend/internal/utils/edge/registry.go:107.39,108.50 1 1
github.com/getarcaneapp/arcane/backend/internal/utils/edge/registry.go:108.50,113.4 4 1
github.com/getarcaneapp/arcane/backend/internal/utils/edge/registry.go:116.2,116.16 1 1
github.com/getarcaneapp/arcane/backend/internal/utils/edge/registry.go:124.36,125.25 1 1
github.com/getarcaneapp/arcane/backend/internal/utils/edge/registry.go:125.25,127.3 1 1
github.com/getarcaneapp/arcane/backend/internal/utils/edge/registry.go:128.2,128.23 1 1
github.com/getarcaneapp/arcane/backend/internal/utils/edge/server.go:23.48,23.63 1 1
github.com/getarcaneapp/arcane/backend/internal/utils/edge/server.go:41.103,47.2 1 1
github.com/getarcaneapp/arcane/backend/internal/utils/edge/server.go:51.54,57.17 4 1
github.com/getarcaneapp/arcane/backend/internal/utils/edge/server.go:57.17,59.3 1 1
github.com/getarcaneapp/arcane/backend/internal/utils/edge/server.go:60.2,60.17 1 1
github.com/getarcaneapp/arcane/backend/internal/utils/edge/server.go:60.17,64.3 3 1
github.com/getarcaneapp/arcane/backend/internal/utils/edge/server.go:67.2,68.16 2 1
github.com/getarcaneapp/arcane/backend/internal/utils/edge/server.go:68.16,72.3 3 1
github.com/getarcaneapp/arcane/backend/internal/utils/edge/server.go:75.2,76.16 2 1
github.com/getarcaneapp/arcane/backend/internal/utils/edge/server.go:76.16,79.3 2 0
github.com/getarcaneapp/arcane/backend/internal/utils/edge/server.go:81.2,88.29 4 1
github.com/getarcaneapp/arcane/backend/internal/utils/edge/server.go:88.29,90.3 1 1
github.com/getarcaneapp/arcane/backend/internal/utils/edge/server.go:93.2,93.15 1 1
github.com/getarcaneapp/arcane/backend/internal/utils/edge/server.go:93.15,97.30 3 1
github.com/getarcaneapp/arcane/backend/internal/utils/edge/server.go:97.30,99.4 1 1
github.com/getarcaneapp/arcane/backend/internal/utils/edge/server.go:103.2,103.28 1 1
github.com/getarcaneapp/arcane/backend/internal/utils/edge/server.go:107.78,108.6 1 1
github.com/getarcaneapp/arcane/backend/internal/utils/edge/server.go:108.6,109.10 1 1
github.com/getarcaneapp/arcane/backend/internal/utils/edge/server.go:110.21,111.10 1 0
github.com/getarcaneapp/arcane/backend/internal/utils/edge/server.go:112.11,114.18 2 1
github.com/getarcaneapp/arcane/backend/internal/utils/edge/server.go:114.18,118.39 1 1
github.com/getarcaneapp/arcane/backend/internal/utils/edge/server.go:118.39,120.6 1 1
github.com/getarcaneapp/arcane/backend/internal/utils/edge/server.go:121.5,121.11 1 1
github.com/getarcaneapp/arcane/backend/internal/utils/edge/server.go:124.4,124.43 1 1
github.com/getarcaneapp/arcane/backend/internal/utils/edge/server.go:129.106,130.18 1 1
github.com/getarcaneapp/arcane/backend/internal/utils/edge/server.go:131.28,132.38 1 1
github.com/getarcaneapp/arcane/backend/internal/utils/edge/server.go:133.27,134.38 1 1
github.com/getarcaneapp/arcane/backend/internal/utils/edge/server.go:135.104,136.36 1 1
github.com/getarcaneapp/arcane/backend/internal/utils/edge/server.go:137.78,138.119 1 1
github.com/getarcaneapp/arcane/backend/internal/utils/edge/server.go:139.10,140.117 1 1
github.com/getarcaneapp/arcane/backend/internal/utils/edge/server.go:144.102,150.46 3 1
github.com/getarcaneapp/arcane/backend/internal/utils/edge/server.go:150.46,152.3 1 0
github.com/getarcaneapp/arcane/backend/internal/utils/edge/server.go:155.102,156.48 1 1
github.com/getarcaneapp/arcane/backend/internal/utils/edge/server.go:156.48,158.10 2 1
github.com/getarcaneapp/arcane/backend/internal/utils/edge/server.go:159.34,159.34 0 1
github.com/getarcaneapp/arcane/backend/internal/utils/edge/server.go:160.11,161.83 1 0
github.com/getarcaneapp/arcane/backend/internal/utils/edge/server.go:163.3,163.9 1 1
github.com/getarcaneapp/arcane/backend/internal/utils/edge/server.go:165.2,165.78 1 0
github.com/getarcaneapp/arcane/backend/internal/utils/edge/server.go:168.100,169.48 1 1
github.com/getarcaneapp/arcane/backend/internal/utils/edge/server.go:169.48,171.10 2 1
github.com/getarcaneapp/arcane/backend/internal/utils/edge/server.go:172.34,172.34 0 1
github.com/getarcaneapp/arcane/backend/internal/utils/edge/server.go:173.11,174.83 1 0
github.com/getarcaneapp/arcane/backend/internal/utils/edge/server.go:180.62,184.6 3 1
github.com/getarcaneapp/arcane/backend/internal/utils/edge/server.go:184.6,185.10 1 1
github.com/getarcaneapp/arcane/backend/internal/utils/edge/server.go:186.21,187.10 1 1
github.com/getarcaneapp/arcane/backend/internal/utils/edge/server.go:188.19,190.17 2 0
github.com/getarcaneapp/arcane/backend/internal/utils/edge/server.go:190.17,192.5 1 0
github.com/getarcaneapp/arcane/backend/internal/utils/edge/server.go:198.139,203.2 4 1
github.com/getarcaneapp/arcane/backend/internal/utils/edge/tunnel.go:50.55,57.2 2 1
github.com/getarcaneapp/arcane/backend/internal/utils/edge/tunnel.go:74.54,78.2 1 1
github.com/getarcaneapp/arcane/backend/internal/utils/edge/tunnel.go:81.53,86.14 4 1
github.com/getarcaneapp/arcane/backend/internal/utils/edge/tunnel.go:86.14,89.3 2 1
github.com/getarcaneapp/arcane/backend/internal/utils/edge/tunnel.go:90.2,93.16 3 1
github.com/getarcaneapp/arcane/backend/internal/utils/edge/tunnel.go:93.16,95.3 1 0
github.com/getarcaneapp/arcane/backend/internal/utils/edge/tunnel.go:96.2,96.57 1 1
github.com/getarcaneapp/arcane/backend/internal/utils/edge/tunnel.go:100.56,102.16 2 1
github.com/getarcaneapp/arcane/backend/internal/utils/edge/tunnel.go:102.16,104.3 1 1
github.com/getarcaneapp/arcane/backend/internal/utils/edge/tunnel.go:106.2,107.51 2 1
github.com/getarcaneapp/arcane/backend/internal/utils/edge/tunnel.go:107.51,109.3 1 0
github.com/getarcaneapp/arcane/backend/internal/utils/edge/tunnel.go:110.2,110.18 1 1
github.com/getarcaneapp/arcane/backend/internal/utils/edge/tunnel.go:114.36,122.2 6 1
github.com/getarcaneapp/arcane/backend/internal/utils/edge/tunnel.go:125.38,129.2 3 1
github.com/getarcaneapp/arcane/backend/internal/utils/edge/tunnel.go:132.118,140.36 4 1
github.com/getarcaneapp/arcane/backend/internal/utils/edge/tunnel.go:140.36,142.3 1 0
github.com/getarcaneapp/arcane/backend/internal/utils/edge/tunnel.go:144.2,144.9 1 1
github.com/getarcaneapp/arcane/backend/internal/utils/edge/tunnel.go:145.20,146.24 1 0
github.com/getarcaneapp/arcane/backend/internal/utils/edge/tunnel.go:147.24,148.19 1 1
github.com/getarcaneapp/arcane/backend/internal/utils/edge/ws_proxy.go:17.48,17.63 1 1
github.com/getarcaneapp/arcane/backend/internal/utils/edge/ws_proxy.go:22.84,27.16 3 1
github.com/getarcaneapp/arcane/backend/internal/utils/edge/ws_proxy.go:27.16,30.3 2 0
github.com/getarcaneapp/arcane/backend/internal/utils/edge/ws_proxy.go:31.2,38.106 6 1
github.com/getarcaneapp/arcane/backend/internal/utils/edge/ws_proxy.go:38.106,41.3 2 0
github.com/getarcaneapp/arcane/backend/internal/utils/edge/ws_proxy.go:43.2,62.85 7 1
github.com/getarcaneapp/arcane/backend/internal/utils/edge/ws_proxy.go:65.65,67.31 2 1
github.com/getarcaneapp/arcane/backend/internal/utils/edge/ws_proxy.go:67.31,68.17 1 1
github.com/getarcaneapp/arcane/backend/internal/utils/edge/ws_proxy.go:68.17,70.4 1 1
github.com/getarcaneapp/arcane/backend/internal/utils/edge/ws_proxy.go:72.2,72.16 1 1
github.com/getarcaneapp/arcane/backend/internal/utils/edge/ws_proxy.go:75.115,84.2 2 1
github.com/getarcaneapp/arcane/backend/internal/utils/edge/ws_proxy.go:86.163,88.6 2 1
github.com/getarcaneapp/arcane/backend/internal/utils/edge/ws_proxy.go:88.6,89.29 1 1
github.com/getarcaneapp/arcane/backend/internal/utils/edge/ws_proxy.go:89.29,91.4 1 0
github.com/getarcaneapp/arcane/backend/internal/utils/edge/ws_proxy.go:93.3,94.17 2 1
github.com/getarcaneapp/arcane/backend/internal/utils/edge/ws_proxy.go:94.17,98.38 1 1
github.com/getarcaneapp/arcane/backend/internal/utils/edge/ws_proxy.go:98.38,100.5 1 1
github.com/getarcaneapp/arcane/backend/internal/utils/edge/ws_proxy.go:101.4,102.10 2 1
github.com/getarcaneapp/arcane/backend/internal/utils/edge/ws_proxy.go:105.3,105.39 1 0
github.com/getarcaneapp/arcane/backend/internal/utils/edge/ws_proxy.go:105.39,106.12 1 0
github.com/getarcaneapp/arcane/backend/internal/utils/edge/ws_proxy.go:109.3,109.76 1 0
github.com/getarcaneapp/arcane/backend/internal/utils/edge/ws_proxy.go:109.76,112.4 2 0
github.com/getarcaneapp/arcane/backend/internal/utils/edge/ws_proxy.go:116.183,117.6 1 1
github.com/getarcaneapp/arcane/backend/internal/utils/edge/ws_proxy.go:117.6,118.10 1 1
github.com/getarcaneapp/arcane/backend/internal/utils/edge/ws_proxy.go:119.27,120.10 1 0
github.com/getarcaneapp/arcane/backend/internal/utils/edge/ws_proxy.go:121.23,122.10 1 1
github.com/getarcaneapp/arcane/backend/internal/utils/edge/ws_proxy.go:123.33,124.11 1 1
github.com/getarcaneapp/arcane/backend/internal/utils/edge/ws_proxy.go:124.11,126.5 1 0
github.com/getarcaneapp/arcane/backend/internal/utils/edge/ws_proxy.go:127.4,127.87 1 1
github.com/getarcaneapp/arcane/backend/internal/utils/edge/ws_proxy.go:127.87,130.5 2 0
github.com/getarcaneapp/arcane/backend/internal/utils/edge/ws_proxy.go:130.10,130.25 1 1
github.com/getarcaneapp/arcane/backend/internal/utils/edge/ws_proxy.go:130.25,132.5 1 1
github.com/getarcaneapp/arcane/backend/internal/utils/edge/ws_proxy.go:137.123,138.18 1 1
github.com/getarcaneapp/arcane/backend/internal/utils/edge/ws_proxy.go:139.32,140.50 1 1
github.com/getarcaneapp/arcane/backend/internal/utils/edge/ws_proxy.go:141.55,143.19 2 1
github.com/getarcaneapp/arcane/backend/internal/utils/edge/ws_proxy.go:144.144,146.20 2 0
github.com/getarcaneapp/arcane/backend/internal/utils/edge/ws_proxy.go:147.10,149.20 2 1
github.com/getarcaneapp/arcane/backend/internal/utils/edge/ws_proxy.go:153.77,155.76 2 1
github.com/getarcaneapp/arcane/backend/internal/utils/edge/ws_proxy.go:155.76,157.3 1 0
github.com/getarcaneapp/arcane/backend/internal/utils/edge/ws_proxy.go:158.2,158.49 1 1
github.com/getarcaneapp/arcane/backend/internal/utils/edge/ws_proxy.go:161.94,169.2 2 1
github.com/getarcaneapp/arcane/backend/internal/utils/edge/ws_proxy.go:171.63,177.2 2 1
github.com/getarcaneapp/arcane/backend/internal/utils/edge/ws_proxy.go:179.47,181.2 1 1
