mode: set
github.com/getarcaneapp/arcane/backend/internal/utils/arcaneupdater/digest.go:21.92,26.2 1 0
github.com/getarcaneapp/arcane/backend/internal/utils/arcaneupdater/digest.go:39.115,53.16 5 0
github.com/getarcaneapp/arcane/backend/internal/utils/arcaneupdater/digest.go:53.16,61.3 4 0
github.com/getarcaneapp/arcane/backend/internal/utils/arcaneupdater/digest.go:62.2,66.16 3 0
github.com/getarcaneapp/arcane/backend/internal/utils/arcaneupdater/digest.go:66.16,73.3 3 0
github.com/getarcaneapp/arcane/backend/internal/utils/arcaneupdater/digest.go:75.2,85.15 5 0
github.com/getarcaneapp/arcane/backend/internal/utils/arcaneupdater/digest.go:89.94,91.16 2 0
github.com/getarcaneapp/arcane/backend/internal/utils/arcaneupdater/digest.go:91.16,93.3 1 0
github.com/getarcaneapp/arcane/backend/internal/utils/arcaneupdater/digest.go:96.2,96.41 1 0
github.com/getarcaneapp/arcane/backend/internal/utils/arcaneupdater/digest.go:96.41,97.39 1 0
github.com/getarcaneapp/arcane/backend/internal/utils/arcaneupdater/digest.go:97.39,99.23 2 0
github.com/getarcaneapp/arcane/backend/internal/utils/arcaneupdater/digest.go:99.23,101.5 1 0
github.com/getarcaneapp/arcane/backend/internal/utils/arcaneupdater/digest.go:106.2,106.22 1 0
github.com/getarcaneapp/arcane/backend/internal/utils/arcaneupdater/digest.go:106.22,108.3 1 0
github.com/getarcaneapp/arcane/backend/internal/utils/arcaneupdater/digest.go:110.2,110.56 1 0
github.com/getarcaneapp/arcane/backend/internal/utils/arcaneupdater/digest.go:115.123,118.16 2 0
github.com/getarcaneapp/arcane/backend/internal/utils/arcaneupdater/digest.go:118.16,120.3 1 0
github.com/getarcaneapp/arcane/backend/internal/utils/arcaneupdater/digest.go:123.2,123.47 1 0
github.com/getarcaneapp/arcane/backend/internal/utils/arcaneupdater/digest.go:127.94,130.36 2 0
github.com/getarcaneapp/arcane/backend/internal/utils/arcaneupdater/digest.go:130.36,132.3 1 0
github.com/getarcaneapp/arcane/backend/internal/utils/arcaneupdater/digest.go:135.2,136.16 2 0
github.com/getarcaneapp/arcane/backend/internal/utils/arcaneupdater/digest.go:136.16,138.3 1 0
github.com/getarcaneapp/arcane/backend/internal/utils/arcaneupdater/digest.go:140.2,142.29 3 0
github.com/getarcaneapp/arcane/backend/internal/utils/arcaneupdater/digest.go:142.29,143.36 1 0
github.com/getarcaneapp/arcane/backend/internal/utils/arcaneupdater/digest.go:143.36,144.42 1 0
github.com/getarcaneapp/arcane/backend/internal/utils/arcaneupdater/digest.go:144.42,146.10 2 0
github.com/getarcaneapp/arcane/backend/internal/utils/arcaneupdater/digest.go:151.2,151.17 1 0
github.com/getarcaneapp/arcane/backend/internal/utils/arcaneupdater/digest.go:155.67,157.43 1 0
github.com/getarcaneapp/arcane/backend/internal/utils/arcaneupdater/digest.go:157.43,159.3 1 0
github.com/getarcaneapp/arcane/backend/internal/utils/arcaneupdater/digest.go:162.2,163.82 2 0
github.com/getarcaneapp/arcane/backend/internal/utils/arcaneupdater/digest.go:163.82,166.3 2 0
github.com/getarcaneapp/arcane/backend/internal/utils/arcaneupdater/digest.go:169.2,170.9 2 0
github.com/getarcaneapp/arcane/backend/internal/utils/arcaneupdater/digest.go:171.121,173.44 2 0
github.com/getarcaneapp/arcane/backend/internal/utils/arcaneupdater/digest.go:174.10,178.41 3 0
github.com/getarcaneapp/arcane/backend/internal/utils/arcaneupdater/digest.go:178.41,180.4 1 0
github.com/getarcaneapp/arcane/backend/internal/utils/arcaneupdater/digest.go:183.2,183.34 1 0
github.com/getarcaneapp/arcane/backend/internal/utils/arcaneupdater/digest.go:187.38,189.43 1 0
github.com/getarcaneapp/arcane/backend/internal/utils/arcaneupdater/digest.go:189.43,191.3 1 0
github.com/getarcaneapp/arcane/backend/internal/utils/arcaneupdater/digest.go:194.2,197.13 2 0
github.com/getarcaneapp/arcane/backend/internal/utils/arcaneupdater/digest.go:198.49,199.20 1 0
github.com/getarcaneapp/arcane/backend/internal/utils/arcaneupdater/digest.go:202.2,202.54 1 0
github.com/getarcaneapp/arcane/backend/internal/utils/arcaneupdater/labels.go:30.55,31.19 1 1
github.com/getarcaneapp/arcane/backend/internal/utils/arcaneupdater/labels.go:31.19,33.3 1 1
github.com/getarcaneapp/arcane/backend/internal/utils/arcaneupdater/labels.go:34.2,34.27 1 1
github.com/getarcaneapp/arcane/backend/internal/utils/arcaneupdater/labels.go:34.27,35.40 1 1
github.com/getarcaneapp/arcane/backend/internal/utils/arcaneupdater/labels.go:35.40,36.49 1 1
github.com/getarcaneapp/arcane/backend/internal/utils/arcaneupdater/labels.go:37.34,38.16 1 1
github.com/getarcaneapp/arcane/backend/internal/utils/arcaneupdater/labels.go:42.2,42.14 1 1
github.com/getarcaneapp/arcane/backend/internal/utils/arcaneupdater/labels.go:47.54,48.19 1 1
github.com/getarcaneapp/arcane/backend/internal/utils/arcaneupdater/labels.go:48.19,50.3 1 1
github.com/getarcaneapp/arcane/backend/internal/utils/arcaneupdater/labels.go:51.2,51.27 1 1
github.com/getarcaneapp/arcane/backend/internal/utils/arcaneupdater/labels.go:51.27,52.41 1 1
github.com/getarcaneapp/arcane/backend/internal/utils/arcaneupdater/labels.go:52.41,53.49 1 1
github.com/getarcaneapp/arcane/backend/internal/utils/arcaneupdater/labels.go:54.35,55.16 1 1
github.com/getarcaneapp/arcane/backend/internal/utils/arcaneupdater/labels.go:56.12,57.17 1 1
github.com/getarcaneapp/arcane/backend/internal/utils/arcaneupdater/labels.go:61.2,61.14 1 1
github.com/getarcaneapp/arcane/backend/internal/utils/arcaneupdater/labels.go:65.84,66.19 1 1
github.com/getarcaneapp/arcane/backend/internal/utils/arcaneupdater/labels.go:66.19,68.3 1 1
github.com/getarcaneapp/arcane/backend/internal/utils/arcaneupdater/labels.go:69.2,69.27 1 1
github.com/getarcaneapp/arcane/backend/internal/utils/arcaneupdater/labels.go:69.27,70.43 1 1
github.com/getarcaneapp/arcane/backend/internal/utils/arcaneupdater/labels.go:70.43,72.15 2 1
github.com/getarcaneapp/arcane/backend/internal/utils/arcaneupdater/labels.go:72.15,74.5 1 1
github.com/getarcaneapp/arcane/backend/internal/utils/arcaneupdater/labels.go:76.4,76.39 1 1
github.com/getarcaneapp/arcane/backend/internal/utils/arcaneupdater/labels.go:79.2,79.12 1 1
github.com/getarcaneapp/arcane/backend/internal/utils/arcaneupdater/labels.go:83.53,84.19 1 1
github.com/getarcaneapp/arcane/backend/internal/utils/arcaneupdater/labels.go:84.19,86.3 1 1
github.com/getarcaneapp/arcane/backend/internal/utils/arcaneupdater/labels.go:87.2,87.27 1 1
github.com/getarcaneapp/arcane/backend/internal/utils/arcaneupdater/labels.go:87.27,88.44 1 1
github.com/getarcaneapp/arcane/backend/internal/utils/arcaneupdater/labels.go:88.44,90.4 1 1
github.com/getarcaneapp/arcane/backend/internal/utils/arcaneupdater/labels.go:92.2,92.11 1 1
github.com/getarcaneapp/arcane/backend/internal/utils/arcaneupdater/lifecycle.go:32.138,34.19 2 1
github.com/getarcaneapp/arcane/backend/internal/utils/arcaneupdater/lifecycle.go:34.19,36.3 1 1
github.com/getarcaneapp/arcane/backend/internal/utils/arcaneupdater/lifecycle.go:38.2,45.70 3 0
github.com/getarcaneapp/arcane/backend/internal/utils/arcaneupdater/lifecycle.go:49.139,51.19 2 1
github.com/getarcaneapp/arcane/backend/internal/utils/arcaneupdater/lifecycle.go:51.19,53.3 1 1
github.com/getarcaneapp/arcane/backend/internal/utils/arcaneupdater/lifecycle.go:55.2,62.70 3 0
github.com/getarcaneapp/arcane/backend/internal/utils/arcaneupdater/lifecycle.go:66.137,68.19 2 1
github.com/getarcaneapp/arcane/backend/internal/utils/arcaneupdater/lifecycle.go:68.19,70.3 1 1
github.com/getarcaneapp/arcane/backend/internal/utils/arcaneupdater/lifecycle.go:72.2,72.86 1 0
github.com/getarcaneapp/arcane/backend/internal/utils/arcaneupdater/lifecycle.go:76.138,78.19 2 1
github.com/getarcaneapp/arcane/backend/internal/utils/arcaneupdater/lifecycle.go:78.19,80.3 1 1
github.com/getarcaneapp/arcane/backend/internal/utils/arcaneupdater/lifecycle.go:82.2,82.87 1 0
github.com/getarcaneapp/arcane/backend/internal/utils/arcaneupdater/lifecycle.go:85.149,97.16 4 0
github.com/getarcaneapp/arcane/backend/internal/utils/arcaneupdater/lifecycle.go:97.16,103.3 3 0
github.com/getarcaneapp/arcane/backend/internal/utils/arcaneupdater/lifecycle.go:106.2,107.16 2 0
github.com/getarcaneapp/arcane/backend/internal/utils/arcaneupdater/lifecycle.go:107.16,113.3 3 0
github.com/getarcaneapp/arcane/backend/internal/utils/arcaneupdater/lifecycle.go:114.2,120.12 4 0
github.com/getarcaneapp/arcane/backend/internal/utils/arcaneupdater/lifecycle.go:120.12,123.17 3 0
github.com/getarcaneapp/arcane/backend/internal/utils/arcaneupdater/lifecycle.go:123.17,126.4 2 0
github.com/getarcaneapp/arcane/backend/internal/utils/arcaneupdater/lifecycle.go:127.3,127.28 1 0
github.com/getarcaneapp/arcane/backend/internal/utils/arcaneupdater/lifecycle.go:131.2,134.9 3 0
github.com/getarcaneapp/arcane/backend/internal/utils/arcaneupdater/lifecycle.go:135.27,140.16 3 0
github.com/getarcaneapp/arcane/backend/internal/utils/arcaneupdater/lifecycle.go:141.24,143.16 2 0
github.com/getarcaneapp/arcane/backend/internal/utils/arcaneupdater/lifecycle.go:144.30,145.33 1 0
github.com/getarcaneapp/arcane/backend/internal/utils/arcaneupdater/lifecycle.go:149.2,150.16 2 0
github.com/getarcaneapp/arcane/backend/internal/utils/arcaneupdater/lifecycle.go:150.16,156.3 3 0
github.com/getarcaneapp/arcane/backend/internal/utils/arcaneupdater/lifecycle.go:158.2,161.43 2 0
github.com/getarcaneapp/arcane/backend/internal/utils/arcaneupdater/lifecycle.go:161.43,167.3 3 0
github.com/getarcaneapp/arcane/backend/internal/utils/arcaneupdater/lifecycle.go:170.2,170.26 1 0
github.com/getarcaneapp/arcane/backend/internal/utils/arcaneupdater/lifecycle.go:170.26,177.3 3 0
github.com/getarcaneapp/arcane/backend/internal/utils/arcaneupdater/lifecycle.go:179.2,183.15 2 0
github.com/getarcaneapp/arcane/backend/internal/utils/arcaneupdater/lifecycle.go:186.108,187.19 1 1
github.com/getarcaneapp/arcane/backend/internal/utils/arcaneupdater/lifecycle.go:187.19,189.3 1 1
github.com/getarcaneapp/arcane/backend/internal/utils/arcaneupdater/lifecycle.go:191.2,191.27 1 1
github.com/getarcaneapp/arcane/backend/internal/utils/arcaneupdater/lifecycle.go:191.27,192.24 1 1
github.com/getarcaneapp/arcane/backend/internal/utils/arcaneupdater/lifecycle.go:192.24,194.15 2 1
github.com/getarcaneapp/arcane/backend/internal/utils/arcaneupdater/lifecycle.go:194.15,196.5 1 0
github.com/getarcaneapp/arcane/backend/internal/utils/arcaneupdater/lifecycle.go:199.4,199.60 1 1
github.com/getarcaneapp/arcane/backend/internal/utils/arcaneupdater/lifecycle.go:199.60,201.5 1 1
github.com/getarcaneapp/arcane/backend/internal/utils/arcaneupdater/lifecycle.go:204.4,204.60 1 1
github.com/getarcaneapp/arcane/backend/internal/utils/arcaneupdater/lifecycle.go:204.60,206.5 1 0
github.com/getarcaneapp/arcane/backend/internal/utils/arcaneupdater/lifecycle.go:210.2,210.23 1 1
github.com/getarcaneapp/arcane/backend/internal/utils/arcaneupdater/logfile.go:21.73,23.2 1 1
github.com/getarcaneapp/arcane/backend/internal/utils/arcaneupdater/logfile.go:25.70,27.31 2 1
github.com/getarcaneapp/arcane/backend/internal/utils/arcaneupdater/logfile.go:27.31,29.3 1 1
github.com/getarcaneapp/arcane/backend/internal/utils/arcaneupdater/logfile.go:30.2,30.31 1 1
github.com/getarcaneapp/arcane/backend/internal/utils/arcaneupdater/logfile.go:30.31,31.45 1 1
github.com/getarcaneapp/arcane/backend/internal/utils/arcaneupdater/logfile.go:31.45,33.4 1 1
github.com/getarcaneapp/arcane/backend/internal/utils/arcaneupdater/logfile.go:35.2,35.12 1 1
github.com/getarcaneapp/arcane/backend/internal/utils/arcaneupdater/logfile.go:38.63,40.2 1 1
github.com/getarcaneapp/arcane/backend/internal/utils/arcaneupdater/logfile.go:42.57,44.2 1 1
github.com/getarcaneapp/arcane/backend/internal/utils/arcaneupdater/logfile.go:54.82,56.2 1 1
github.com/getarcaneapp/arcane/backend/internal/utils/arcaneupdater/logfile.go:58.80,60.2 1 1
github.com/getarcaneapp/arcane/backend/internal/utils/arcaneupdater/logfile.go:62.77,63.17 1 1
github.com/getarcaneapp/arcane/backend/internal/utils/arcaneupdater/logfile.go:63.17,66.3 2 1
github.com/getarcaneapp/arcane/backend/internal/utils/arcaneupdater/logfile.go:68.2,69.34 2 1
github.com/getarcaneapp/arcane/backend/internal/utils/arcaneupdater/logfile.go:69.34,70.27 1 1
github.com/getarcaneapp/arcane/backend/internal/utils/arcaneupdater/logfile.go:70.27,72.4 1 0
github.com/getarcaneapp/arcane/backend/internal/utils/arcaneupdater/logfile.go:73.3,74.24 2 1
github.com/getarcaneapp/arcane/backend/internal/utils/arcaneupdater/logfile.go:74.24,76.4 1 1
github.com/getarcaneapp/arcane/backend/internal/utils/arcaneupdater/logfile.go:77.3,77.53 1 1
github.com/getarcaneapp/arcane/backend/internal/utils/arcaneupdater/logfile.go:80.2,80.28 1 1
github.com/getarcaneapp/arcane/backend/internal/utils/arcaneupdater/logfile.go:80.28,82.3 1 1
github.com/getarcaneapp/arcane/backend/internal/utils/arcaneupdater/logfile.go:84.2,84.33 1 1
github.com/getarcaneapp/arcane/backend/internal/utils/arcaneupdater/logfile.go:84.33,85.39 1 1
github.com/getarcaneapp/arcane/backend/internal/utils/arcaneupdater/logfile.go:85.39,88.19 3 0
github.com/getarcaneapp/arcane/backend/internal/utils/arcaneupdater/logfile.go:88.19,90.5 1 0
github.com/getarcaneapp/arcane/backend/internal/utils/arcaneupdater/logfile.go:91.4,91.25 1 0
github.com/getarcaneapp/arcane/backend/internal/utils/arcaneupdater/logfile.go:91.25,93.5 1 0
github.com/getarcaneapp/arcane/backend/internal/utils/arcaneupdater/logfile.go:94.4,95.15 2 0
github.com/getarcaneapp/arcane/backend/internal/utils/arcaneupdater/logfile.go:97.3,98.14 2 1
github.com/getarcaneapp/arcane/backend/internal/utils/arcaneupdater/logfile.go:101.2,102.12 2 1
github.com/getarcaneapp/arcane/backend/internal/utils/arcaneupdater/logfile.go:105.72,113.2 1 1
github.com/getarcaneapp/arcane/backend/internal/utils/arcaneupdater/logfile.go:115.66,117.35 2 1
github.com/getarcaneapp/arcane/backend/internal/utils/arcaneupdater/logfile.go:117.35,119.3 1 1
github.com/getarcaneapp/arcane/backend/internal/utils/arcaneupdater/logfile.go:120.2,126.3 1 1
github.com/getarcaneapp/arcane/backend/internal/utils/arcaneupdater/logfile.go:129.43,130.18 1 1
github.com/getarcaneapp/arcane/backend/internal/utils/arcaneupdater/logfile.go:131.20,132.44 1 0
github.com/getarcaneapp/arcane/backend/internal/utils/arcaneupdater/logfile.go:133.23,134.35 1 1
github.com/getarcaneapp/arcane/backend/internal/utils/arcaneupdater/logfile.go:135.22,136.42 1 1
github.com/getarcaneapp/arcane/backend/internal/utils/arcaneupdater/logfile.go:137.23,138.44 1 1
github.com/getarcaneapp/arcane/backend/internal/utils/arcaneupdater/logfile.go:139.24,140.55 1 1
github.com/getarcaneapp/arcane/backend/internal/utils/arcaneupdater/logfile.go:141.21,142.58 1 1
github.com/getarcaneapp/arcane/backend/internal/utils/arcaneupdater/logfile.go:143.25,144.46 1 1
github.com/getarcaneapp/arcane/backend/internal/utils/arcaneupdater/logfile.go:145.21,146.15 1 1
github.com/getarcaneapp/arcane/backend/internal/utils/arcaneupdater/logfile.go:146.15,148.4 1 1
github.com/getarcaneapp/arcane/backend/internal/utils/arcaneupdater/logfile.go:149.3,149.17 1 1
github.com/getarcaneapp/arcane/backend/internal/utils/arcaneupdater/logfile.go:150.22,152.46 1 0
github.com/getarcaneapp/arcane/backend/internal/utils/arcaneupdater/logfile.go:153.26,154.38 1 0
github.com/getarcaneapp/arcane/backend/internal/utils/arcaneupdater/logfile.go:155.10,156.44 1 0
github.com/getarcaneapp/arcane/backend/internal/utils/arcaneupdater/logfile.go:165.104,166.38 1 0
github.com/getarcaneapp/arcane/backend/internal/utils/arcaneupdater/logfile.go:166.38,168.3 1 0
github.com/getarcaneapp/arcane/backend/internal/utils/arcaneupdater/logfile.go:169.2,169.41 1 0
github.com/getarcaneapp/arcane/backend/internal/utils/arcaneupdater/logfile.go:169.41,171.3 1 0
github.com/getarcaneapp/arcane/backend/internal/utils/arcaneupdater/logfile.go:173.2,173.51 1 0
github.com/getarcaneapp/arcane/backend/internal/utils/arcaneupdater/logfile.go:173.51,175.3 1 0
github.com/getarcaneapp/arcane/backend/internal/utils/arcaneupdater/logfile.go:177.2,181.16 4 0
github.com/getarcaneapp/arcane/backend/internal/utils/arcaneupdater/logfile.go:181.16,183.3 1 0
github.com/getarcaneapp/arcane/backend/internal/utils/arcaneupdater/logfile.go:185.2,193.21 4 0
github.com/getarcaneapp/arcane/backend/internal/utils/arcaneupdater/selfupdate.go:22.53,24.2 1 1
github.com/getarcaneapp/arcane/backend/internal/utils/arcaneupdater/selfupdate.go:27.99,29.16 2 0
github.com/getarcaneapp/arcane/backend/internal/utils/arcaneupdater/selfupdate.go:29.16,31.3 1 0
github.com/getarcaneapp/arcane/backend/internal/utils/arcaneupdater/selfupdate.go:33.2,33.27 1 0
github.com/getarcaneapp/arcane/backend/internal/utils/arcaneupdater/selfupdate.go:33.27,35.3 1 0
github.com/getarcaneapp/arcane/backend/internal/utils/arcaneupdater/selfupdate.go:37.2,37.54 1 0
github.com/getarcaneapp/arcane/backend/internal/utils/arcaneupdater/selfupdate.go:42.121,48.75 3 0
github.com/getarcaneapp/arcane/backend/internal/utils/arcaneupdater/selfupdate.go:48.75,50.3 1 0
github.com/getarcaneapp/arcane/backend/internal/utils/arcaneupdater/selfupdate.go:52.2,52.22 1 0
github.com/getarcaneapp/arcane/backend/internal/utils/arcaneupdater/selfupdate.go:57.104,66.16 4 0
github.com/getarcaneapp/arcane/backend/internal/utils/arcaneupdater/selfupdate.go:66.16,68.3 1 0
github.com/getarcaneapp/arcane/backend/internal/utils/arcaneupdater/selfupdate.go:72.2,73.31 2 0
github.com/getarcaneapp/arcane/backend/internal/utils/arcaneupdater/selfupdate.go:73.31,75.45 2 0
github.com/getarcaneapp/arcane/backend/internal/utils/arcaneupdater/selfupdate.go:75.45,77.4 1 0
github.com/getarcaneapp/arcane/backend/internal/utils/arcaneupdater/selfupdate.go:80.2,80.19 1 0
github.com/getarcaneapp/arcane/backend/internal/utils/arcaneupdater/selfupdate.go:80.19,82.3 1 0
github.com/getarcaneapp/arcane/backend/internal/utils/arcaneupdater/selfupdate.go:85.2,89.16 4 0
github.com/getarcaneapp/arcane/backend/internal/utils/arcaneupdater/selfupdate.go:89.16,91.3 1 0
github.com/getarcaneapp/arcane/backend/internal/utils/arcaneupdater/selfupdate.go:93.2,93.35 1 0
github.com/getarcaneapp/arcane/backend/internal/utils/arcaneupdater/selfupdate.go:93.35,99.27 3 0
github.com/getarcaneapp/arcane/backend/internal/utils/arcaneupdater/selfupdate.go:99.27,101.100 2 0
github.com/getarcaneapp/arcane/backend/internal/utils/arcaneupdater/selfupdate.go:101.100,103.13 2 0
github.com/getarcaneapp/arcane/backend/internal/utils/arcaneupdater/selfupdate.go:108.3,108.97 1 0
github.com/getarcaneapp/arcane/backend/internal/utils/arcaneupdater/selfupdate.go:108.97,110.12 2 0
github.com/getarcaneapp/arcane/backend/internal/utils/arcaneupdater/selfupdate.go:113.3,113.34 1 0
github.com/getarcaneapp/arcane/backend/internal/utils/arcaneupdater/selfupdate.go:116.2,116.21 1 0
github.com/getarcaneapp/arcane/backend/internal/utils/arcaneupdater/selfupdate.go:120.97,128.16 5 0
github.com/getarcaneapp/arcane/backend/internal/utils/arcaneupdater/selfupdate.go:128.16,130.3 1 0
github.com/getarcaneapp/arcane/backend/internal/utils/arcaneupdater/selfupdate.go:132.2,132.26 1 0
github.com/getarcaneapp/arcane/backend/internal/utils/arcaneupdater/selfupdate.go:132.26,134.3 1 0
github.com/getarcaneapp/arcane/backend/internal/utils/arcaneupdater/selfupdate.go:137.2,138.28 2 0
github.com/getarcaneapp/arcane/backend/internal/utils/arcaneupdater/selfupdate.go:142.52,143.41 1 1
github.com/getarcaneapp/arcane/backend/internal/utils/arcaneupdater/selfupdate.go:143.41,144.44 1 1
github.com/getarcaneapp/arcane/backend/internal/utils/arcaneupdater/selfupdate.go:144.44,145.53 1 1
github.com/getarcaneapp/arcane/backend/internal/utils/arcaneupdater/selfupdate.go:145.53,147.5 1 1
github.com/getarcaneapp/arcane/backend/internal/utils/arcaneupdater/selfupdate.go:153.32,156.40 3 1
github.com/getarcaneapp/arcane/backend/internal/utils/arcaneupdater/selfupdate.go:156.40,159.3 1 0
github.com/getarcaneapp/arcane/backend/internal/utils/arcaneupdater/selfupdate.go:160.2,160.19 1 1
github.com/getarcaneapp/arcane/backend/internal/utils/arcaneupdater/selfupdate.go:160.19,162.3 1 1
github.com/getarcaneapp/arcane/backend/internal/utils/arcaneupdater/selfupdate.go:163.2,163.34 1 1
github.com/getarcaneapp/arcane/backend/internal/utils/arcaneupdater/sorter.go:34.74,36.31 2 1
github.com/getarcaneapp/arcane/backend/internal/utils/arcaneupdater/sorter.go:36.31,38.3 1 1
github.com/getarcaneapp/arcane/backend/internal/utils/arcaneupdater/sorter.go:39.2,45.3 1 1
github.com/getarcaneapp/arcane/backend/internal/utils/arcaneupdater/sorter.go:50.63,51.33 1 1
github.com/getarcaneapp/arcane/backend/internal/utils/arcaneupdater/sorter.go:51.33,52.25 1 1
github.com/getarcaneapp/arcane/backend/internal/utils/arcaneupdater/sorter.go:52.25,53.37 1 1
github.com/getarcaneapp/arcane/backend/internal/utils/arcaneupdater/sorter.go:53.37,55.5 1 1
github.com/getarcaneapp/arcane/backend/internal/utils/arcaneupdater/sorter.go:58.2,58.22 1 1
github.com/getarcaneapp/arcane/backend/internal/utils/arcaneupdater/sorter.go:63.70,65.16 2 1
github.com/getarcaneapp/arcane/backend/internal/utils/arcaneupdater/sorter.go:65.16,67.3 1 1
github.com/getarcaneapp/arcane/backend/internal/utils/arcaneupdater/sorter.go:69.2,70.20 2 1
github.com/getarcaneapp/arcane/backend/internal/utils/arcaneupdater/sorter.go:73.60,74.22 1 1
github.com/getarcaneapp/arcane/backend/internal/utils/arcaneupdater/sorter.go:74.22,76.3 1 1
github.com/getarcaneapp/arcane/backend/internal/utils/arcaneupdater/sorter.go:77.2,77.23 1 1
github.com/getarcaneapp/arcane/backend/internal/utils/arcaneupdater/sorter.go:77.23,79.3 1 1
github.com/getarcaneapp/arcane/backend/internal/utils/arcaneupdater/sorter.go:81.2,86.34 4 1
github.com/getarcaneapp/arcane/backend/internal/utils/arcaneupdater/sorter.go:86.34,87.44 1 1
github.com/getarcaneapp/arcane/backend/internal/utils/arcaneupdater/sorter.go:87.44,88.53 1 1
github.com/getarcaneapp/arcane/backend/internal/utils/arcaneupdater/sorter.go:88.53,90.5 1 1
github.com/getarcaneapp/arcane/backend/internal/utils/arcaneupdater/sorter.go:94.2,96.12 3 1
github.com/getarcaneapp/arcane/backend/internal/utils/arcaneupdater/sorter.go:99.76,103.28 3 1
github.com/getarcaneapp/arcane/backend/internal/utils/arcaneupdater/sorter.go:103.28,104.28 1 1
github.com/getarcaneapp/arcane/backend/internal/utils/arcaneupdater/sorter.go:104.28,107.4 2 1
github.com/getarcaneapp/arcane/backend/internal/utils/arcaneupdater/sorter.go:109.2,109.32 1 1
github.com/getarcaneapp/arcane/backend/internal/utils/arcaneupdater/sorter.go:109.32,110.28 1 1
github.com/getarcaneapp/arcane/backend/internal/utils/arcaneupdater/sorter.go:110.28,113.4 2 1
github.com/getarcaneapp/arcane/backend/internal/utils/arcaneupdater/sorter.go:115.2,115.34 1 1
github.com/getarcaneapp/arcane/backend/internal/utils/arcaneupdater/sorter.go:115.34,116.28 1 1
github.com/getarcaneapp/arcane/backend/internal/utils/arcaneupdater/sorter.go:116.28,119.4 2 1
github.com/getarcaneapp/arcane/backend/internal/utils/arcaneupdater/sorter.go:122.2,122.13 1 1
github.com/getarcaneapp/arcane/backend/internal/utils/arcaneupdater/sorter.go:126.145,134.31 2 0
github.com/getarcaneapp/arcane/backend/internal/utils/arcaneupdater/sorter.go:134.31,135.49 1 0
github.com/getarcaneapp/arcane/backend/internal/utils/arcaneupdater/sorter.go:135.49,138.22 2 0
github.com/getarcaneapp/arcane/backend/internal/utils/arcaneupdater/sorter.go:138.22,141.5 2 0
github.com/getarcaneapp/arcane/backend/internal/utils/arcaneupdater/sorter.go:146.2,146.59 1 0
github.com/getarcaneapp/arcane/backend/internal/utils/arcaneupdater/sorter.go:146.59,147.60 1 0
github.com/getarcaneapp/arcane/backend/internal/utils/arcaneupdater/sorter.go:147.60,148.49 1 0
github.com/getarcaneapp/arcane/backend/internal/utils/arcaneupdater/sorter.go:148.49,150.18 2 0
github.com/getarcaneapp/arcane/backend/internal/utils/arcaneupdater/sorter.go:150.18,152.6 1 0
github.com/getarcaneapp/arcane/backend/internal/utils/arcaneupdater/sorter.go:158.2,158.31 1 0
github.com/getarcaneapp/arcane/backend/internal/utils/arcaneupdater/sorter.go:158.31,160.23 2 0
github.com/getarcaneapp/arcane/backend/internal/utils/arcaneupdater/sorter.go:160.23,164.4 2 0
github.com/getarcaneapp/arcane/backend/internal/utils/arcaneupdater/sorter.go:167.2,173.10 2 0
github.com/getarcaneapp/arcane/backend/internal/utils/arcaneupdater/sorter.go:178.103,181.31 2 1
github.com/getarcaneapp/arcane/backend/internal/utils/arcaneupdater/sorter.go:181.31,182.31 1 1
github.com/getarcaneapp/arcane/backend/internal/utils/arcaneupdater/sorter.go:182.31,183.12 1 1
github.com/getarcaneapp/arcane/backend/internal/utils/arcaneupdater/sorter.go:187.3,192.31 5 1
github.com/getarcaneapp/arcane/backend/internal/utils/arcaneupdater/sorter.go:192.31,193.29 1 1
github.com/getarcaneapp/arcane/backend/internal/utils/arcaneupdater/sorter.go:193.29,196.46 2 1
github.com/getarcaneapp/arcane/backend/internal/utils/arcaneupdater/sorter.go:196.46,198.6 1 0
github.com/getarcaneapp/arcane/backend/internal/utils/arcaneupdater/sorter.go:199.5,201.10 3 1
github.com/getarcaneapp/arcane/backend/internal/utils/arcaneupdater/sorter.go:206.2,206.25 1 1
github.com/getarcaneapp/arcane/backend/internal/utils/arcaneupdater/sorter.go:210.57,211.24 1 1
github.com/getarcaneapp/arcane/backend/internal/utils/arcaneupdater/sorter.go:211.24,213.32 2 1
github.com/getarcaneapp/arcane/backend/internal/utils/arcaneupdater/sorter.go:213.32,215.4 1 1
github.com/getarcaneapp/arcane/backend/internal/utils/arcaneupdater/sorter.go:216.3,216.11 1 1
github.com/getarcaneapp/arcane/backend/internal/utils/arcaneupdater/sorter.go:218.2,218.20 1 1
