mode: atomic
github.com/getarcaneapp/arcane/types/v2/base/json.go:18.51,19.14 1 0
github.com/getarcaneapp/arcane/types/v2/base/json.go:19.14,21.3 1 0
github.com/getarcaneapp/arcane/types/v2/base/json.go:22.2,22.24 1 0
github.com/getarcaneapp/arcane/types/v2/base/json.go:29.44,30.18 1 0
github.com/getarcaneapp/arcane/types/v2/base/json.go:30.18,33.3 2 0
github.com/getarcaneapp/arcane/types/v2/base/json.go:34.2,34.27 1 0
github.com/getarcaneapp/arcane/types/v2/base/json.go:35.14,36.30 1 0
github.com/getarcaneapp/arcane/types/v2/base/json.go:37.14,38.38 1 0
github.com/getarcaneapp/arcane/types/v2/base/json.go:39.10,40.32 1 0
github.com/getarcaneapp/arcane/types/v2/container/container.go:938.46,940.31 2 0
github.com/getarcaneapp/arcane/types/v2/container/container.go:940.31,942.3 1 0
github.com/getarcaneapp/arcane/types/v2/container/container.go:944.2,945.28 2 0
github.com/getarcaneapp/arcane/types/v2/container/container.go:945.28,952.3 1 0
github.com/getarcaneapp/arcane/types/v2/container/container.go:954.2,955.29 2 0
github.com/getarcaneapp/arcane/types/v2/container/container.go:955.29,966.3 1 0
github.com/getarcaneapp/arcane/types/v2/container/container.go:968.2,969.67 2 0
github.com/getarcaneapp/arcane/types/v2/container/container.go:969.67,970.51 1 0
github.com/getarcaneapp/arcane/types/v2/container/container.go:970.51,972.4 1 0
github.com/getarcaneapp/arcane/types/v2/container/container.go:975.2,993.3 1 0
github.com/getarcaneapp/arcane/types/v2/container/container.go:997.55,1017.2 2 0
github.com/getarcaneapp/arcane/types/v2/container/container.go:1019.73,1021.60 2 0
github.com/getarcaneapp/arcane/types/v2/container/container.go:1021.60,1023.3 1 0
github.com/getarcaneapp/arcane/types/v2/container/container.go:1025.2,1025.49 1 0
github.com/getarcaneapp/arcane/types/v2/container/container.go:1025.49,1030.25 3 0
github.com/getarcaneapp/arcane/types/v2/container/container.go:1030.25,1035.12 2 0
github.com/getarcaneapp/arcane/types/v2/container/container.go:1038.3,1038.30 1 0
github.com/getarcaneapp/arcane/types/v2/container/container.go:1038.30,1046.4 2 0
github.com/getarcaneapp/arcane/types/v2/container/container.go:1049.2,1049.14 1 0
github.com/getarcaneapp/arcane/types/v2/container/container.go:1052.67,1054.32 2 0
github.com/getarcaneapp/arcane/types/v2/container/container.go:1054.32,1065.3 1 0
github.com/getarcaneapp/arcane/types/v2/container/container.go:1067.2,1067.15 1 0
github.com/getarcaneapp/arcane/types/v2/container/container.go:1070.96,1072.63 2 0
github.com/getarcaneapp/arcane/types/v2/container/container.go:1072.63,1074.3 1 0
github.com/getarcaneapp/arcane/types/v2/container/container.go:1076.2,1076.48 1 0
github.com/getarcaneapp/arcane/types/v2/container/container.go:1076.48,1078.3 1 0
github.com/getarcaneapp/arcane/types/v2/container/container.go:1080.2,1080.17 1 0
github.com/getarcaneapp/arcane/types/v2/container/container.go:1083.72,1084.23 1 0
github.com/getarcaneapp/arcane/types/v2/container/container.go:1084.23,1086.3 1 0
github.com/getarcaneapp/arcane/types/v2/container/container.go:1088.2,1094.3 1 0
github.com/getarcaneapp/arcane/types/v2/container/container.go:1097.85,1099.19 2 0
github.com/getarcaneapp/arcane/types/v2/container/container.go:1099.19,1101.3 1 0
github.com/getarcaneapp/arcane/types/v2/container/container.go:1103.2,1111.41 2 0
github.com/getarcaneapp/arcane/types/v2/container/container.go:1111.41,1120.3 1 0
github.com/getarcaneapp/arcane/types/v2/container/container.go:1122.2,1122.26 1 0
github.com/getarcaneapp/arcane/types/v2/container/container.go:1122.26,1124.3 1 0
github.com/getarcaneapp/arcane/types/v2/container/container.go:1126.2,1126.34 1 0
github.com/getarcaneapp/arcane/types/v2/container/container.go:1129.52,1130.18 1 0
github.com/getarcaneapp/arcane/types/v2/container/container.go:1130.18,1132.3 1 0
github.com/getarcaneapp/arcane/types/v2/container/container.go:1134.2,1142.25 2 0
github.com/getarcaneapp/arcane/types/v2/container/container.go:1142.25,1144.3 1 0
github.com/getarcaneapp/arcane/types/v2/container/container.go:1146.2,1146.20 1 0
github.com/getarcaneapp/arcane/types/v2/container/container.go:1149.57,1151.35 2 0
github.com/getarcaneapp/arcane/types/v2/container/container.go:1151.35,1152.19 1 0
github.com/getarcaneapp/arcane/types/v2/container/container.go:1152.19,1153.12 1 0
github.com/getarcaneapp/arcane/types/v2/container/container.go:1156.3,1161.5 1 0
github.com/getarcaneapp/arcane/types/v2/container/container.go:1164.2,1168.3 1 0
github.com/getarcaneapp/arcane/types/v2/container/container.go:1171.44,1172.16 1 0
github.com/getarcaneapp/arcane/types/v2/container/container.go:1172.16,1174.3 1 0
github.com/getarcaneapp/arcane/types/v2/container/container.go:1175.2,1175.56 1 0
github.com/getarcaneapp/arcane/types/v2/container/container.go:1178.60,1180.17 2 0
github.com/getarcaneapp/arcane/types/v2/container/container.go:1180.17,1182.3 1 0
github.com/getarcaneapp/arcane/types/v2/container/container.go:1184.2,1185.17 2 0
github.com/getarcaneapp/arcane/types/v2/container/container.go:1185.17,1187.3 1 0
github.com/getarcaneapp/arcane/types/v2/container/container.go:1189.2,1193.76 2 0
github.com/getarcaneapp/arcane/types/v2/container/container.go:1193.76,1195.3 1 0
github.com/getarcaneapp/arcane/types/v2/container/container.go:1196.2,1196.78 1 0
github.com/getarcaneapp/arcane/types/v2/container/container.go:1196.78,1198.3 1 0
github.com/getarcaneapp/arcane/types/v2/container/container.go:1200.2,1200.20 1 0
github.com/getarcaneapp/arcane/types/v2/container/container.go:1203.71,1204.14 1 0
github.com/getarcaneapp/arcane/types/v2/container/container.go:1204.14,1206.3 1 0
github.com/getarcaneapp/arcane/types/v2/container/container.go:1208.2,1209.25 2 0
github.com/getarcaneapp/arcane/types/v2/container/container.go:1209.25,1211.3 1 0
github.com/getarcaneapp/arcane/types/v2/container/container.go:1213.2,1214.25 2 0
github.com/getarcaneapp/arcane/types/v2/container/container.go:1214.25,1216.3 1 0
github.com/getarcaneapp/arcane/types/v2/container/container.go:1218.2,1219.27 2 0
github.com/getarcaneapp/arcane/types/v2/container/container.go:1219.27,1221.3 1 0
github.com/getarcaneapp/arcane/types/v2/container/container.go:1223.2,1224.29 2 0
github.com/getarcaneapp/arcane/types/v2/container/container.go:1224.29,1226.3 1 0
github.com/getarcaneapp/arcane/types/v2/container/container.go:1228.2,1229.35 2 0
github.com/getarcaneapp/arcane/types/v2/container/container.go:1229.35,1231.3 1 0
github.com/getarcaneapp/arcane/types/v2/container/container.go:1233.2,1249.3 1 0
github.com/getarcaneapp/arcane/types/v2/meta/job_metadata.go:198.55,201.2 2 0
github.com/getarcaneapp/arcane/types/v2/meta/job_metadata.go:203.49,205.2 1 0
github.com/getarcaneapp/arcane/types/v2/meta/job_metadata.go:207.155,222.2 1 0
github.com/getarcaneapp/arcane/types/v2/gitops/gitops.go:583.54,590.2 1 0
github.com/getarcaneapp/arcane/types/v2/gitops/gitops.go:594.54,601.2 1 0
github.com/getarcaneapp/arcane/types/v2/network/network.go:269.76,280.19 2 0
github.com/getarcaneapp/arcane/types/v2/network/network.go:280.19,282.3 1 0
github.com/getarcaneapp/arcane/types/v2/network/network.go:284.2,284.13 1 0
github.com/getarcaneapp/arcane/types/v2/network/network.go:287.34,288.8 1 0
github.com/getarcaneapp/arcane/types/v2/network/network.go:288.8,290.3 1 0
github.com/getarcaneapp/arcane/types/v2/network/network.go:292.2,292.11 1 0
github.com/getarcaneapp/arcane/types/v2/network/network.go:295.44,301.33 2 0
github.com/getarcaneapp/arcane/types/v2/network/network.go:301.33,302.51 1 0
github.com/getarcaneapp/arcane/types/v2/network/network.go:302.51,304.4 1 0
github.com/getarcaneapp/arcane/types/v2/network/network.go:307.2,307.19 1 0
github.com/getarcaneapp/arcane/types/v2/network/network.go:310.68,314.47 3 0
github.com/getarcaneapp/arcane/types/v2/network/network.go:314.47,317.3 2 0
github.com/getarcaneapp/arcane/types/v2/network/network.go:318.2,318.46 1 0
github.com/getarcaneapp/arcane/types/v2/network/network.go:318.46,321.3 2 0
github.com/getarcaneapp/arcane/types/v2/network/network.go:322.2,322.48 1 0
github.com/getarcaneapp/arcane/types/v2/network/network.go:322.48,325.3 2 0
github.com/getarcaneapp/arcane/types/v2/network/network.go:326.2,326.58 1 0
github.com/getarcaneapp/arcane/types/v2/network/network.go:326.58,329.3 2 0
github.com/getarcaneapp/arcane/types/v2/network/network.go:331.2,331.26 1 0
github.com/getarcaneapp/arcane/types/v2/network/network.go:334.51,336.16 2 0
github.com/getarcaneapp/arcane/types/v2/network/network.go:336.16,338.3 1 0
github.com/getarcaneapp/arcane/types/v2/network/network.go:340.2,340.21 1 0
github.com/getarcaneapp/arcane/types/v2/network/network.go:343.47,345.16 2 0
github.com/getarcaneapp/arcane/types/v2/network/network.go:345.16,347.3 1 0
github.com/getarcaneapp/arcane/types/v2/network/network.go:349.2,349.19 1 0
github.com/getarcaneapp/arcane/types/v2/network/network.go:352.74,353.26 1 0
github.com/getarcaneapp/arcane/types/v2/network/network.go:353.26,355.3 1 0
github.com/getarcaneapp/arcane/types/v2/network/network.go:357.2,358.39 2 0
github.com/getarcaneapp/arcane/types/v2/network/network.go:358.39,359.43 1 0
github.com/getarcaneapp/arcane/types/v2/network/network.go:359.43,361.4 1 0
github.com/getarcaneapp/arcane/types/v2/network/network.go:364.2,364.12 1 0
github.com/getarcaneapp/arcane/types/v2/network/network.go:385.44,400.2 1 0
github.com/getarcaneapp/arcane/types/v2/image/image.go:236.56,239.48 2 0
github.com/getarcaneapp/arcane/types/v2/image/image.go:239.48,241.3 1 0
github.com/getarcaneapp/arcane/types/v2/image/image.go:241.8,243.3 1 0
github.com/getarcaneapp/arcane/types/v2/image/image.go:245.2,249.38 2 0
github.com/getarcaneapp/arcane/types/v2/image/image.go:249.38,250.22 1 0
github.com/getarcaneapp/arcane/types/v2/image/image.go:250.22,252.4 1 0
github.com/getarcaneapp/arcane/types/v2/image/image.go:252.9,252.30 1 0
github.com/getarcaneapp/arcane/types/v2/image/image.go:252.30,254.4 1 0
github.com/getarcaneapp/arcane/types/v2/image/image.go:256.2,256.12 1 0
github.com/getarcaneapp/arcane/types/v2/image/image.go:417.48,418.38 1 0
github.com/getarcaneapp/arcane/types/v2/image/image.go:418.38,420.3 1 0
github.com/getarcaneapp/arcane/types/v2/image/image.go:421.2,421.62 1 0
github.com/getarcaneapp/arcane/types/v2/image/image.go:421.62,423.3 1 0
github.com/getarcaneapp/arcane/types/v2/image/image.go:424.2,424.20 1 0
github.com/getarcaneapp/arcane/types/v2/image/image.go:428.70,429.28 1 0
github.com/getarcaneapp/arcane/types/v2/image/image.go:429.28,431.3 1 0
github.com/getarcaneapp/arcane/types/v2/image/image.go:432.2,432.19 1 0
github.com/getarcaneapp/arcane/types/v2/image/image.go:432.19,434.3 1 0
github.com/getarcaneapp/arcane/types/v2/image/image.go:435.2,435.12 1 0
github.com/getarcaneapp/arcane/types/v2/image/image.go:442.65,444.16 2 0
github.com/getarcaneapp/arcane/types/v2/image/image.go:444.16,446.3 1 0
github.com/getarcaneapp/arcane/types/v2/image/image.go:448.2,455.23 7 0
github.com/getarcaneapp/arcane/types/v2/image/image.go:455.23,456.39 1 0
github.com/getarcaneapp/arcane/types/v2/image/image.go:456.39,458.43 2 0
github.com/getarcaneapp/arcane/types/v2/image/image.go:458.43,460.5 1 0
github.com/getarcaneapp/arcane/types/v2/image/image.go:462.3,462.30 1 0
github.com/getarcaneapp/arcane/types/v2/image/image.go:462.30,464.4 1 0
github.com/getarcaneapp/arcane/types/v2/image/image.go:465.3,465.30 1 0
github.com/getarcaneapp/arcane/types/v2/image/image.go:465.30,467.4 1 0
github.com/getarcaneapp/arcane/types/v2/image/image.go:468.3,468.34 1 0
github.com/getarcaneapp/arcane/types/v2/image/image.go:468.34,470.38 2 0
github.com/getarcaneapp/arcane/types/v2/image/image.go:470.38,472.5 1 0
github.com/getarcaneapp/arcane/types/v2/image/image.go:474.3,475.50 2 0
github.com/getarcaneapp/arcane/types/v2/image/image.go:478.2,482.28 4 0
github.com/getarcaneapp/arcane/types/v2/image/image.go:482.28,484.34 2 0
github.com/getarcaneapp/arcane/types/v2/image/image.go:484.34,486.4 1 0
github.com/getarcaneapp/arcane/types/v2/image/image.go:489.2,490.32 2 0
github.com/getarcaneapp/arcane/types/v2/image/image.go:490.32,492.3 1 0
github.com/getarcaneapp/arcane/types/v2/image/image.go:494.2,494.40 1 0
github.com/getarcaneapp/arcane/types/v2/image/image.go:494.40,496.3 1 0
github.com/getarcaneapp/arcane/types/v2/image/image.go:499.2,501.30 3 0
github.com/getarcaneapp/arcane/types/v2/image/image.go:501.30,503.22 2 0
github.com/getarcaneapp/arcane/types/v2/image/image.go:503.22,505.4 1 0
github.com/getarcaneapp/arcane/types/v2/image/image.go:508.2,508.12 1 0
github.com/getarcaneapp/arcane/types/v2/scheduler/job.go:51.36,51.56 1 0
github.com/getarcaneapp/arcane/types/v2/scheduler/job.go:53.59,53.87 1 0
github.com/getarcaneapp/arcane/types/v2/scheduler/job.go:55.47,55.63 1 0
github.com/getarcaneapp/arcane/types/v2/scheduler/job.go:60.63,61.26 1 0
github.com/getarcaneapp/arcane/types/v2/scheduler/job.go:61.26,63.3 1 0
github.com/getarcaneapp/arcane/types/v2/scheduler/job.go:64.2,64.27 1 0
github.com/getarcaneapp/arcane/types/v2/vulnerability/vulnerability.go:369.122,388.45 2 0
github.com/getarcaneapp/arcane/types/v2/vulnerability/vulnerability.go:388.45,389.50 1 0
github.com/getarcaneapp/arcane/types/v2/vulnerability/vulnerability.go:389.50,394.25 3 0
github.com/getarcaneapp/arcane/types/v2/vulnerability/vulnerability.go:395.26,396.30 1 0
github.com/getarcaneapp/arcane/types/v2/vulnerability/vulnerability.go:397.22,398.26 1 0
github.com/getarcaneapp/arcane/types/v2/vulnerability/vulnerability.go:399.24,400.28 1 0
github.com/getarcaneapp/arcane/types/v2/vulnerability/vulnerability.go:401.21,402.25 1 0
github.com/getarcaneapp/arcane/types/v2/vulnerability/vulnerability.go:403.25,404.29 1 0
github.com/getarcaneapp/arcane/types/v2/vulnerability/vulnerability.go:405.12,406.29 1 0
github.com/getarcaneapp/arcane/types/v2/vulnerability/vulnerability.go:408.4,408.26 1 0
github.com/getarcaneapp/arcane/types/v2/vulnerability/vulnerability.go:412.2,412.15 1 0
github.com/getarcaneapp/arcane/types/v2/vulnerability/vulnerability.go:415.70,428.22 2 0
github.com/getarcaneapp/arcane/types/v2/vulnerability/vulnerability.go:428.22,430.36 2 0
github.com/getarcaneapp/arcane/types/v2/vulnerability/vulnerability.go:430.36,431.28 1 0
github.com/getarcaneapp/arcane/types/v2/vulnerability/vulnerability.go:431.28,434.5 2 0
github.com/getarcaneapp/arcane/types/v2/vulnerability/vulnerability.go:435.4,435.28 1 0
github.com/getarcaneapp/arcane/types/v2/vulnerability/vulnerability.go:435.28,438.5 2 0
github.com/getarcaneapp/arcane/types/v2/vulnerability/vulnerability.go:440.3,440.43 1 0
github.com/getarcaneapp/arcane/types/v2/vulnerability/vulnerability.go:440.43,442.4 1 0
github.com/getarcaneapp/arcane/types/v2/vulnerability/vulnerability.go:446.2,446.28 1 0
github.com/getarcaneapp/arcane/types/v2/vulnerability/vulnerability.go:446.28,447.71 1 0
github.com/getarcaneapp/arcane/types/v2/vulnerability/vulnerability.go:447.71,449.4 1 0
github.com/getarcaneapp/arcane/types/v2/vulnerability/vulnerability.go:451.2,451.31 1 0
github.com/getarcaneapp/arcane/types/v2/vulnerability/vulnerability.go:451.31,452.74 1 0
github.com/getarcaneapp/arcane/types/v2/vulnerability/vulnerability.go:452.74,454.4 1 0
github.com/getarcaneapp/arcane/types/v2/vulnerability/vulnerability.go:457.2,457.13 1 0
github.com/getarcaneapp/arcane/types/v2/vulnerability/vulnerability.go:460.39,461.11 1 0
github.com/getarcaneapp/arcane/types/v2/vulnerability/vulnerability.go:462.18,463.26 1 0
github.com/getarcaneapp/arcane/types/v2/vulnerability/vulnerability.go:464.14,465.22 1 0
github.com/getarcaneapp/arcane/types/v2/vulnerability/vulnerability.go:466.16,467.24 1 0
github.com/getarcaneapp/arcane/types/v2/vulnerability/vulnerability.go:468.13,469.21 1 0
github.com/getarcaneapp/arcane/types/v2/vulnerability/vulnerability.go:470.10,471.25 1 0
github.com/getarcaneapp/arcane/types/v2/system/prune.go:92.60,94.52 2 0
github.com/getarcaneapp/arcane/types/v2/system/prune.go:94.52,96.3 1 0
github.com/getarcaneapp/arcane/types/v2/system/prune.go:98.2,101.16 3 0
github.com/getarcaneapp/arcane/types/v2/system/prune.go:101.16,103.3 1 0
github.com/getarcaneapp/arcane/types/v2/system/prune.go:104.2,107.16 3 0
github.com/getarcaneapp/arcane/types/v2/system/prune.go:107.16,109.3 1 0
github.com/getarcaneapp/arcane/types/v2/system/prune.go:110.2,113.16 3 0
github.com/getarcaneapp/arcane/types/v2/system/prune.go:113.16,115.3 1 0
github.com/getarcaneapp/arcane/types/v2/system/prune.go:116.2,119.16 3 0
github.com/getarcaneapp/arcane/types/v2/system/prune.go:119.16,121.3 1 0
github.com/getarcaneapp/arcane/types/v2/system/prune.go:122.2,125.16 3 0
github.com/getarcaneapp/arcane/types/v2/system/prune.go:125.16,127.3 1 0
github.com/getarcaneapp/arcane/types/v2/system/prune.go:128.2,130.12 2 0
github.com/getarcaneapp/arcane/types/v2/system/prune.go:133.100,134.44 1 0
github.com/getarcaneapp/arcane/types/v2/system/prune.go:134.44,136.3 1 0
github.com/getarcaneapp/arcane/types/v2/system/prune.go:138.2,139.54 2 0
github.com/getarcaneapp/arcane/types/v2/system/prune.go:139.54,140.15 1 0
github.com/getarcaneapp/arcane/types/v2/system/prune.go:140.15,142.4 1 0
github.com/getarcaneapp/arcane/types/v2/system/prune.go:143.3,143.71 1 0
github.com/getarcaneapp/arcane/types/v2/system/prune.go:146.2,147.54 2 0
github.com/getarcaneapp/arcane/types/v2/system/prune.go:147.54,149.3 1 0
github.com/getarcaneapp/arcane/types/v2/system/prune.go:150.2,150.22 1 0
github.com/getarcaneapp/arcane/types/v2/system/prune.go:153.108,154.44 1 0
github.com/getarcaneapp/arcane/types/v2/system/prune.go:154.44,156.3 1 0
github.com/getarcaneapp/arcane/types/v2/system/prune.go:158.2,159.54 2 0
github.com/getarcaneapp/arcane/types/v2/system/prune.go:159.54,160.15 1 0
github.com/getarcaneapp/arcane/types/v2/system/prune.go:160.15,162.4 1 0
github.com/getarcaneapp/arcane/types/v2/system/prune.go:163.3,164.36 2 0
github.com/getarcaneapp/arcane/types/v2/system/prune.go:164.36,166.4 1 0
github.com/getarcaneapp/arcane/types/v2/system/prune.go:167.3,167.46 1 0
github.com/getarcaneapp/arcane/types/v2/system/prune.go:170.2,171.54 2 0
github.com/getarcaneapp/arcane/types/v2/system/prune.go:171.54,173.3 1 0
github.com/getarcaneapp/arcane/types/v2/system/prune.go:174.2,174.22 1 0
github.com/getarcaneapp/arcane/types/v2/system/prune.go:177.110,178.44 1 0
github.com/getarcaneapp/arcane/types/v2/system/prune.go:178.44,180.3 1 0
github.com/getarcaneapp/arcane/types/v2/system/prune.go:182.2,183.54 2 0
github.com/getarcaneapp/arcane/types/v2/system/prune.go:183.54,184.15 1 0
github.com/getarcaneapp/arcane/types/v2/system/prune.go:184.15,186.4 1 0
github.com/getarcaneapp/arcane/types/v2/system/prune.go:187.3,188.36 2 0
github.com/getarcaneapp/arcane/types/v2/system/prune.go:188.36,190.4 1 0
github.com/getarcaneapp/arcane/types/v2/system/prune.go:191.3,191.47 1 0
github.com/getarcaneapp/arcane/types/v2/system/prune.go:194.2,195.54 2 0
github.com/getarcaneapp/arcane/types/v2/system/prune.go:195.54,197.3 1 0
github.com/getarcaneapp/arcane/types/v2/system/prune.go:198.2,198.22 1 0
github.com/getarcaneapp/arcane/types/v2/system/prune.go:201.96,202.44 1 0
github.com/getarcaneapp/arcane/types/v2/system/prune.go:202.44,204.3 1 0
github.com/getarcaneapp/arcane/types/v2/system/prune.go:206.2,207.54 2 0
github.com/getarcaneapp/arcane/types/v2/system/prune.go:207.54,208.15 1 0
github.com/getarcaneapp/arcane/types/v2/system/prune.go:208.15,210.4 1 0
github.com/getarcaneapp/arcane/types/v2/system/prune.go:211.3,211.66 1 0
github.com/getarcaneapp/arcane/types/v2/system/prune.go:214.2,215.54 2 0
github.com/getarcaneapp/arcane/types/v2/system/prune.go:215.54,217.3 1 0
github.com/getarcaneapp/arcane/types/v2/system/prune.go:218.2,218.22 1 0
github.com/getarcaneapp/arcane/types/v2/system/prune.go:221.116,222.44 1 0
github.com/getarcaneapp/arcane/types/v2/system/prune.go:222.44,224.3 1 0
github.com/getarcaneapp/arcane/types/v2/system/prune.go:226.2,227.54 2 0
github.com/getarcaneapp/arcane/types/v2/system/prune.go:227.54,228.15 1 0
github.com/getarcaneapp/arcane/types/v2/system/prune.go:228.15,230.4 1 0
github.com/getarcaneapp/arcane/types/v2/system/prune.go:231.3,232.36 2 0
github.com/getarcaneapp/arcane/types/v2/system/prune.go:232.36,234.4 1 0
github.com/getarcaneapp/arcane/types/v2/system/prune.go:235.3,235.50 1 0
github.com/getarcaneapp/arcane/types/v2/system/prune.go:238.2,239.54 2 0
github.com/getarcaneapp/arcane/types/v2/system/prune.go:239.54,241.3 1 0
github.com/getarcaneapp/arcane/types/v2/system/prune.go:242.2,242.22 1 0
github.com/getarcaneapp/arcane/types/v2/volume/volume.go:136.41,138.62 2 0
github.com/getarcaneapp/arcane/types/v2/volume/volume.go:138.62,140.3 1 0
github.com/getarcaneapp/arcane/types/v2/volume/volume.go:142.2,154.24 2 0
github.com/getarcaneapp/arcane/types/v2/volume/volume.go:154.24,158.3 3 0
github.com/getarcaneapp/arcane/types/v2/volume/volume.go:160.2,160.12 1 0
github.com/getarcaneapp/arcane/types/v2/swarm/config_secret.go:42.55,50.2 1 0
github.com/getarcaneapp/arcane/types/v2/swarm/config_secret.go:60.58,68.2 1 0
github.com/getarcaneapp/arcane/types/v2/swarm/node.go:165.50,169.31 4 0
github.com/getarcaneapp/arcane/types/v2/swarm/node.go:169.31,170.32 1 0
github.com/getarcaneapp/arcane/types/v2/swarm/node.go:170.32,172.4 1 0
github.com/getarcaneapp/arcane/types/v2/swarm/node.go:172.9,174.4 1 0
github.com/getarcaneapp/arcane/types/v2/swarm/node.go:175.3,176.43 2 0
github.com/getarcaneapp/arcane/types/v2/swarm/node.go:179.2,180.88 2 0
github.com/getarcaneapp/arcane/types/v2/swarm/node.go:180.88,182.3 1 0
github.com/getarcaneapp/arcane/types/v2/swarm/node.go:184.2,203.3 1 0
github.com/getarcaneapp/arcane/types/v2/swarm/service.go:314.117,320.9 5 0
github.com/getarcaneapp/arcane/types/v2/swarm/service.go:321.35,323.43 2 0
github.com/getarcaneapp/arcane/types/v2/swarm/service.go:323.43,325.4 1 0
github.com/getarcaneapp/arcane/types/v2/swarm/service.go:326.31,328.35 2 0
github.com/getarcaneapp/arcane/types/v2/swarm/service.go:328.35,330.4 1 0
github.com/getarcaneapp/arcane/types/v2/swarm/service.go:331.38,333.10 2 0
github.com/getarcaneapp/arcane/types/v2/swarm/service.go:334.56,335.56 1 0
github.com/getarcaneapp/arcane/types/v2/swarm/service.go:336.53,337.53 1 0
github.com/getarcaneapp/arcane/types/v2/swarm/service.go:338.11,339.16 1 0
github.com/getarcaneapp/arcane/types/v2/swarm/service.go:341.34,343.35 2 0
github.com/getarcaneapp/arcane/types/v2/swarm/service.go:343.35,345.4 1 0
github.com/getarcaneapp/arcane/types/v2/swarm/service.go:348.2,348.34 1 0
github.com/getarcaneapp/arcane/types/v2/swarm/service.go:348.34,350.3 1 0
github.com/getarcaneapp/arcane/types/v2/swarm/service.go:352.2,353.44 2 0
github.com/getarcaneapp/arcane/types/v2/swarm/service.go:353.44,355.3 1 0
github.com/getarcaneapp/arcane/types/v2/swarm/service.go:357.2,358.25 2 0
github.com/getarcaneapp/arcane/types/v2/swarm/service.go:358.25,360.3 1 0
github.com/getarcaneapp/arcane/types/v2/swarm/service.go:361.2,362.33 2 0
github.com/getarcaneapp/arcane/types/v2/swarm/service.go:362.33,369.3 1 0
github.com/getarcaneapp/arcane/types/v2/swarm/service.go:371.2,372.24 2 0
github.com/getarcaneapp/arcane/types/v2/swarm/service.go:372.24,374.3 1 0
github.com/getarcaneapp/arcane/types/v2/swarm/service.go:377.2,379.35 3 0
github.com/getarcaneapp/arcane/types/v2/swarm/service.go:379.35,380.48 1 0
github.com/getarcaneapp/arcane/types/v2/swarm/service.go:380.48,382.4 1 0
github.com/getarcaneapp/arcane/types/v2/swarm/service.go:382.9,382.32 1 0
github.com/getarcaneapp/arcane/types/v2/swarm/service.go:382.32,384.4 1 0
github.com/getarcaneapp/arcane/types/v2/swarm/service.go:384.9,386.4 1 0
github.com/getarcaneapp/arcane/types/v2/swarm/service.go:390.2,391.44 2 0
github.com/getarcaneapp/arcane/types/v2/swarm/service.go:391.44,392.60 1 0
github.com/getarcaneapp/arcane/types/v2/swarm/service.go:392.60,399.4 1 0
github.com/getarcaneapp/arcane/types/v2/swarm/service.go:402.2,402.22 1 0
github.com/getarcaneapp/arcane/types/v2/swarm/service.go:402.22,404.3 1 0
github.com/getarcaneapp/arcane/types/v2/swarm/service.go:406.2,421.3 1 0
github.com/getarcaneapp/arcane/types/v2/swarm/service.go:433.62,443.2 1 0
github.com/getarcaneapp/arcane/types/v2/swarm/swarm.go:48.44,56.2 1 0
github.com/getarcaneapp/arcane/types/v2/swarm/task.go:92.80,94.21 2 0
github.com/getarcaneapp/arcane/types/v2/swarm/task.go:94.21,96.3 1 0
github.com/getarcaneapp/arcane/types/v2/swarm/task.go:98.2,99.36 2 0
github.com/getarcaneapp/arcane/types/v2/swarm/task.go:99.36,101.3 1 0
github.com/getarcaneapp/arcane/types/v2/swarm/task.go:103.2,104.40 2 0
github.com/getarcaneapp/arcane/types/v2/swarm/task.go:104.40,106.3 1 0
github.com/getarcaneapp/arcane/types/v2/swarm/task.go:108.2,109.24 2 0
github.com/getarcaneapp/arcane/types/v2/swarm/task.go:109.24,111.3 1 0
github.com/getarcaneapp/arcane/types/v2/swarm/task.go:113.2,130.3 2 0
github.com/getarcaneapp/arcane/types/v2/project/marshal_utils.go:14.121,16.16 2 2
github.com/getarcaneapp/arcane/types/v2/project/marshal_utils.go:16.16,18.3 1 0
github.com/getarcaneapp/arcane/types/v2/project/marshal_utils.go:20.2,20.22 1 2
github.com/getarcaneapp/arcane/types/v2/project/marshal_utils.go:21.25,22.13 1 0
github.com/getarcaneapp/arcane/types/v2/project/marshal_utils.go:23.27,25.17 2 1
github.com/getarcaneapp/arcane/types/v2/project/marshal_utils.go:25.17,27.4 1 0
github.com/getarcaneapp/arcane/types/v2/project/marshal_utils.go:28.3,29.13 2 1
github.com/getarcaneapp/arcane/types/v2/project/marshal_utils.go:30.27,33.17 3 1
github.com/getarcaneapp/arcane/types/v2/project/marshal_utils.go:33.17,35.23 2 0
github.com/getarcaneapp/arcane/types/v2/project/marshal_utils.go:35.23,37.5 1 0
github.com/getarcaneapp/arcane/types/v2/project/marshal_utils.go:38.4,39.37 2 0
github.com/getarcaneapp/arcane/types/v2/project/marshal_utils.go:39.37,41.5 1 0
github.com/getarcaneapp/arcane/types/v2/project/marshal_utils.go:43.3,44.13 2 1
github.com/getarcaneapp/arcane/types/v2/project/marshal_utils.go:47.50,48.79 1 0
github.com/getarcaneapp/arcane/types/v2/project/marshal_utils.go:51.2,51.78 1 0
github.com/getarcaneapp/arcane/types/v2/project/marshal_utils.go:56.59,58.2 1 0
github.com/getarcaneapp/arcane/types/v2/project/marshal_utils.go:62.52,64.2 1 2
github.com/getarcaneapp/arcane/types/v2/project/project.go:359.34,370.2 1 0
